0 info it worked if it ends with ok
1 verbose cli [ 'node',
1 verbose cli   '/usr/local/bin/npm',
1 verbose cli   'install',
1 verbose cli   'github-flavored-marked' ]
2 info using npm@1.4.28
3 info using node@v0.10.34
4 verbose cache add [ 'github-flavored-marked', null ]
5 verbose cache add name=undefined spec="github-flavored-marked" args=["github-flavored-marked",null]
6 verbose parsed url { protocol: null,
6 verbose parsed url   slashes: null,
6 verbose parsed url   auth: null,
6 verbose parsed url   host: null,
6 verbose parsed url   port: null,
6 verbose parsed url   hostname: null,
6 verbose parsed url   hash: null,
6 verbose parsed url   search: null,
6 verbose parsed url   query: null,
6 verbose parsed url   pathname: 'github-flavored-marked',
6 verbose parsed url   path: 'github-flavored-marked',
6 verbose parsed url   href: 'github-flavored-marked' }
7 silly lockFile 7643f1ad-github-flavored-marked github-flavored-marked
8 verbose lock github-flavored-marked /Users/Bharath/.npm/7643f1ad-github-flavored-marked.lock
9 silly lockFile 7643f1ad-github-flavored-marked github-flavored-marked
10 silly lockFile 7643f1ad-github-flavored-marked github-flavored-marked
11 verbose addNamed [ 'github-flavored-marked', '' ]
12 verbose addNamed [ null, '*' ]
13 silly lockFile 2e1b4067-github-flavored-marked github-flavored-marked@
14 verbose lock github-flavored-marked@ /Users/Bharath/.npm/2e1b4067-github-flavored-marked.lock
15 silly addNameRange { name: 'github-flavored-marked', range: '*', hasData: false }
16 verbose request where is /github-flavored-marked
17 verbose request registry https://registry.npmjs.org/
18 verbose request id f3d2902f47b15e42
19 verbose url raw /github-flavored-marked
20 verbose url resolving [ 'https://registry.npmjs.org/', './github-flavored-marked' ]
21 verbose url resolved https://registry.npmjs.org/github-flavored-marked
22 verbose request where is https://registry.npmjs.org/github-flavored-marked
23 info trying registry request attempt 1 at 11:28:11
24 http GET https://registry.npmjs.org/github-flavored-marked
25 http 404 https://registry.npmjs.org/github-flavored-marked
26 silly registry.get cb [ 404,
26 silly registry.get   { 'content-type': 'application/json',
26 silly registry.get     'cache-control': 'max-age=0',
26 silly registry.get     'content-length': '2',
26 silly registry.get     'accept-ranges': 'bytes',
26 silly registry.get     date: 'Tue, 29 Aug 2017 15:28:12 GMT',
26 silly registry.get     via: '1.1 varnish',
26 silly registry.get     age: '0',
26 silly registry.get     connection: 'keep-alive',
26 silly registry.get     'x-served-by': 'cache-atl6251-ATL',
26 silly registry.get     'x-cache': 'MISS',
26 silly registry.get     'x-cache-hits': '0',
26 silly registry.get     'x-timer': 'S1504020492.929478,VS0,VE496',
26 silly registry.get     vary: 'Accept-Encoding' } ]
27 silly lockFile 2e1b4067-github-flavored-marked github-flavored-marked@
28 silly lockFile 2e1b4067-github-flavored-marked github-flavored-marked@
29 error 404 Not Found
29 error 404
29 error 404 'github-flavored-marked' is not in the npm registry.
29 error 404 You should bug the author to publish it
29 error 404
29 error 404 Note that you can also install from a
29 error 404 tarball, folder, or http url, or git url.
30 error System Darwin 16.5.0
31 error command "node" "/usr/local/bin/npm" "install" "github-flavored-marked"
32 error cwd /Users/Bharath/Desktop/my_website/blog
33 error node -v v0.10.34
34 error npm -v 1.4.28
35 error code E404
36 verbose exit [ 1, true ]
